<?xml version="1.0" encoding="UTF-8"?>
<!-- Generated by org.testng.reporters.JUnitReportReporter -->
<testsuite hostname="DESKTOP-02MD96E" failures="0" tests="1" name="testCase.TC01" time="20.716" errors="0" timestamp="2023-10-13T14:40:19 IST" skipped="0">
  <testcase classname="testCase.TC01" name="Location" time="20.716"/>
</testsuite> <!-- testCase.TC01 -->
